  pch.cpp
  main.cpp
C:\Users\rachelroar\Documents\collegeCourses\FA19\OPTIMIZATION\raytracerOcto\raytracerOcto\math3d.h(1180,26): warning C4018: '<': signed/unsigned mismatch
C:\Users\rachelroar\Documents\collegeCourses\FA19\OPTIMIZATION\raytracerOcto\raytracerOcto\math3d.h(1193,50): warning C4305: 'argument': truncation from 'double' to 'T'
          with
          [
              T=float
          ]
C:\Users\rachelroar\Documents\collegeCourses\FA19\OPTIMIZATION\raytracerOcto\raytracerOcto\math3d.h(1257,22): warning C4018: '<': signed/unsigned mismatch
C:\Users\rachelroar\Documents\collegeCourses\FA19\OPTIMIZATION\raytracerOcto\raytracerOcto\math3d.h(1267,50): warning C4305: 'argument': truncation from 'double' to 'T'
          with
          [
              T=float
          ]
C:\Users\rachelroar\Documents\collegeCourses\FA19\OPTIMIZATION\raytracerOcto\raytracerOcto\math3d.h(1322,22): warning C4018: '<': signed/unsigned mismatch
C:\Users\rachelroar\Documents\collegeCourses\FA19\OPTIMIZATION\raytracerOcto\raytracerOcto\math3d.h(1329,40): warning C4305: 'argument': truncation from 'double' to 'T'
          with
          [
              T=float
          ]
C:\Users\rachelroar\Documents\collegeCourses\FA19\OPTIMIZATION\raytracerOcto\raytracerOcto\Triangle.h(21,31): warning C4244: '=': conversion from 'double' to 'float', possible loss of data
C:\Users\rachelroar\Documents\collegeCourses\FA19\OPTIMIZATION\raytracerOcto\raytracerOcto\Camera.h(15,1): warning C4305: '=': truncation from 'double' to 'float'
C:\Users\rachelroar\Documents\collegeCourses\FA19\OPTIMIZATION\raytracerOcto\raytracerOcto\Camera.h(18,43): warning C4244: '=': conversion from 'double' to 'float', possible loss of data
C:\Users\rachelroar\Documents\collegeCourses\FA19\OPTIMIZATION\raytracerOcto\raytracerOcto\Image.h(44,29): warning C4244: 'argument': conversion from 'std::streamoff' to 'const unsigned int', possible loss of data
C:\Users\rachelroar\Documents\collegeCourses\FA19\OPTIMIZATION\raytracerOcto\raytracerOcto\traceRay.h(23,17): warning C4244: '=': conversion from 'double' to 'float', possible loss of data
C:\Users\rachelroar\Documents\collegeCourses\FA19\OPTIMIZATION\raytracerOcto\raytracerOcto\traceRay.h(25,17): warning C4244: '=': conversion from 'double' to 'float', possible loss of data
C:\Users\rachelroar\Documents\collegeCourses\FA19\OPTIMIZATION\raytracerOcto\raytracerOcto\traceRay.h(27,22): warning C4244: '=': conversion from 'double' to 'float', possible loss of data
C:\Users\rachelroar\Documents\collegeCourses\FA19\OPTIMIZATION\raytracerOcto\raytracerOcto\traceRay.h(79,26): warning C4056: overflow in floating-point constant arithmetic
C:\Users\rachelroar\Documents\collegeCourses\FA19\OPTIMIZATION\raytracerOcto\raytracerOcto\main.cpp(38,17): warning C4244: '=': conversion from 'double' to 'float', possible loss of data
C:\Users\rachelroar\Documents\collegeCourses\FA19\OPTIMIZATION\raytracerOcto\raytracerOcto\main.cpp(46,13): warning C4244: 'initializing': conversion from 'double' to 'float', possible loss of data
C:\Users\rachelroar\Documents\collegeCourses\FA19\OPTIMIZATION\raytracerOcto\raytracerOcto\main.cpp(47,14): warning C4244: 'initializing': conversion from 'double' to 'float', possible loss of data
C:\Users\rachelroar\Documents\collegeCourses\FA19\OPTIMIZATION\raytracerOcto\raytracerOcto\main.cpp(48,14): warning C4244: 'initializing': conversion from 'double' to 'float', possible loss of data
C:\Users\rachelroar\Documents\collegeCourses\FA19\OPTIMIZATION\raytracerOcto\raytracerOcto\math3d.h(510,1): warning C4244: '=': conversion from 'double' to 'T', possible loss of data
          with
          [
              T=float
          ]
C:\Users\rachelroar\Documents\collegeCourses\FA19\OPTIMIZATION\raytracerOcto\raytracerOcto\math3d.h(510): message : while compiling class template member function 'vec3Base<float> vec3Base<float>::operator *(double) const'
C:\Users\rachelroar\Documents\collegeCourses\FA19\OPTIMIZATION\raytracerOcto\raytracerOcto\math3d.h(742): message : see reference to function template instantiation 'vec3Base<float> vec3Base<float>::operator *(double) const' being compiled
C:\Users\rachelroar\Documents\collegeCourses\FA19\OPTIMIZATION\raytracerOcto\raytracerOcto\math3d.h(790): message : see reference to class template instantiation 'vec3Base<float>' being compiled
main.obj : error LNK2001: unresolved external symbol _IID_IWICImagingFactory
C:\Users\rachelroar\Documents\collegeCourses\FA19\OPTIMIZATION\raytracerOcto\Debug\raytracerOcto.exe : fatal error LNK1120: 1 unresolved externals
